<?xml version="1.0" encoding="UTF-8"?>
<!-- Generated by org.testng.reporters.JUnitReportReporter -->
<testsuite hostname="LAPSAF80207" failures="0" tests="4" name="za.co.flash.application.testScripts.TC01HomeLanding" time="139.734" errors="0" timestamp="2024-12-22T05:19:40 SAST" skipped="0">
  <testcase classname="za.co.flash.application.testScripts.TC01HomeLanding" name="run1" time="6.849"/>
  <testcase classname="za.co.flash.application.testScripts.TC01HomeLanding" name="runT2" time="70.265"/>
  <testcase classname="za.co.flash.application.testScripts.TC01HomeLanding" name="runT3" time="51.921"/>
  <testcase classname="za.co.flash.application.testScripts.TC01HomeLanding" name="runT4" time="10.699"/>
</testsuite> <!-- za.co.flash.application.testScripts.TC01HomeLanding -->
